2023-01-19 14:14:06 INFO  QuestionOperationsMenu:24 - 
!!!!!!!!!!!!!!!Question Operation Menu!!!!!!!!!!!!!!!
2023-01-19 14:15:48 INFO  QuestionOperationsMenu:24 - 
!!!!!!!!!!!!!!!Question Operation Menu!!!!!!!!!!!!!!!
2023-01-19 15:03:11 INFO  QuestionOperationsMenu:24 - 
!!!!!!!!!!!!!!!Question Operation Menu!!!!!!!!!!!!!!!
2023-01-19 15:03:33 INFO  QuestionOperationsMenu:24 - 

!!!!!!!!!!!!!!!Question Operation Menu!!!!!!!!!!!!!!!
2023-01-19 15:04:34 INFO  QuestionOperationsMenu:24 - 

!!!!!!!!!!!!!!!Question Operation Menu!!!!!!!!!!!!!!!
2023-01-19 15:28:55 INFO  QuestionOperationsMenu:24 - 

!!!!!!!!!!!!!!!Question Operation Menu!!!!!!!!!!!!!!!
2023-01-19 15:30:16 INFO  QuestionOperationsMenu:24 - 

!!!!!!!!!!!!!!!Question Operation Menu!!!!!!!!!!!!!!!
2023-01-19 15:30:31 INFO  QuestionOperationsMenu:39 - 
!!!!!!!!!!!!!Question Menu Page!!!!!!!!!!!

Press 1 to continue to go back to menu
Press 0 to exit this page
Enter your choice here:
2023-01-19 15:31:00 INFO  QuestionOperationsMenu:24 - 

!!!!!!!!!!!!!!!Question Operation Menu!!!!!!!!!!!!!!!
2023-01-19 15:31:07 INFO  QuestionOperationsMenu:39 - 
!!!!!!!!!!!!!Question Menu Page!!!!!!!!!!!

Press 1 to continue to go back to menu
Press 0 to exit this page
Enter your choice here:
2023-01-19 15:35:12 INFO  QuestionOperationsMenu:24 - 

!!!!!!!!!!!!!!!Question Operation Menu!!!!!!!!!!!!!!!
2023-01-19 15:36:53 INFO  QuestionOperationsMenu:39 - 
!!!!!!!!!!!!!Question Menu Page!!!!!!!!!!!

Press 1 to continue to go back to menu
Press 0 to exit this page
Enter your choice here:
2023-01-19 15:37:05 INFO  QuestionOperationsMenu:24 - 

!!!!!!!!!!!!!!!Question Operation Menu!!!!!!!!!!!!!!!
2023-01-19 15:37:11 INFO  QuestionOperationsMenu:39 - 
!!!!!!!!!!!!!Question Menu Page!!!!!!!!!!!

Press 1 to continue to go back to menu
Press 0 to exit this page
Enter your choice here:
2023-01-19 15:50:09 INFO  QuestionOperationsMenu:24 - 

!!!!!!!!!!!!!!!Question Operation Menu!!!!!!!!!!!!!!!
2023-01-19 16:03:03 INFO  QuestionOperationsMenu:24 - 

!!!!!!!!!!!!!!!Question Operation Menu!!!!!!!!!!!!!!!
2023-01-19 16:03:52 INFO  QuestionOperationsMenu:39 - 
!!!!!!!!!!!!!Question Menu Page!!!!!!!!!!!

Press 1 to continue to go back to menu
Press 0 to exit this page
Enter your choice here:
2023-01-19 16:05:22 INFO  QuestionOperationsMenu:24 - 

!!!!!!!!!!!!!!!Question Operation Menu!!!!!!!!!!!!!!!
2023-01-19 16:11:07 INFO  QuestionOperationsMenu:24 - 

!!!!!!!!!!!!!!!Question Operation Menu!!!!!!!!!!!!!!!
2023-01-19 16:12:49 INFO  QuestionOperationsMenu:24 - 

!!!!!!!!!!!!!!!Question Operation Menu!!!!!!!!!!!!!!!
2023-01-19 16:12:49 INFO  QuestionOperationsMenu:25 - 1.Add Questions
2.Display Questions
Enter you choice here:
2023-01-19 16:16:08 INFO  QuestionOperationsMenu:24 - 

!!!!!!!!!!!!!!!Question Operation Menu!!!!!!!!!!!!!!!
2023-01-19 16:16:08 INFO  QuestionOperationsMenu:25 - 1.Add Questions
2.Display Questions
Enter you choice here:
2023-01-19 16:26:30 INFO  QuestionOperationsMenu:24 - 

!!!!!!!!!!!!!!!???????? ?????????  ????!!!!!!!!!!!!!!!
2023-01-19 16:26:30 INFO  QuestionOperationsMenu:25 - 1.Add Questions
2.Display Questions
Enter you choice here:
2023-01-19 16:27:06 INFO  QuestionOperationsMenu:24 - 

!!!!!!!!!!!!!!!Question Operation Menu!!!!!!!!!!!!!!!
2023-01-19 16:27:06 INFO  QuestionOperationsMenu:25 - 1.Add Questions
2.Display Questions
Enter you choice here:
2023-01-19 16:27:23 INFO  QuestionOperationsMenu:24 - 

!!!!!!!!!!!!!!!Question Operation Menu!!!!!!!!!!!!!!!
2023-01-19 16:27:23 INFO  QuestionOperationsMenu:25 - 1.Add Questions
2.Display Questions
Enter you choice here:
2023-01-19 16:29:33 INFO  QuestionOperationsMenu:24 - 

!!!!!!!!!!!!!!!Question Operation Menu!!!!!!!!!!!!!!!
2023-01-19 16:29:33 INFO  QuestionOperationsMenu:25 - 1.Add Questions
2.Display Questions
Enter you choice here:
2023-01-19 16:30:16 INFO  QuestionOperationsMenu:24 - 

!!!!!!!!!!!!!!!Question Operation Menu!!!!!!!!!!!!!!!
2023-01-19 16:30:16 INFO  QuestionOperationsMenu:25 - 1.Add Questions
2.Display Questions
Enter you choice here:
2023-01-19 16:31:06 INFO  QuestionOperationsMenu:24 - 

!!!!!!!!!!!!!!!Question Operation Menu!!!!!!!!!!!!!!!
2023-01-19 16:31:06 INFO  QuestionOperationsMenu:25 - 1.Add Questions
2.Display Questions
Enter you choice here:
2023-01-19 16:31:37 INFO  QuestionOperationsMenu:24 - 

!!!!!!!!!!!!!!!Question Operation Menu!!!!!!!!!!!!!!!
2023-01-19 16:31:37 INFO  QuestionOperationsMenu:25 - 1.Add Questions
2.Display Questions
Enter you choice here:
2023-01-19 16:56:32 INFO  QuestionOperationsMenu:24 - 

!!!!!!!!!!!!!!!Question Operation Menu!!!!!!!!!!!!!!!
2023-01-19 16:56:32 INFO  QuestionOperationsMenu:25 - 1.Add Questions
2.Display Questions
Enter you choice here:
2023-01-19 16:57:56 INFO  QuestionOperationsMenu:24 - 

!!!!!!!!!!!!!!!Question Operation Menu!!!!!!!!!!!!!!!
2023-01-19 16:57:56 INFO  QuestionOperationsMenu:25 - 1.Add Questions
2.Display Questions
Enter you choice here:
2023-01-19 16:58:24 INFO  QuestionOperationsMenu:39 - 
!!!!!!!!!!!!!Question Menu Page!!!!!!!!!!!

Press 1 to continue to go back to menu
Press 0 to exit this page
Enter your choice here:
2023-01-19 16:59:59 INFO  QuestionOperationsMenu:24 - 

!!!!!!!!!!!!!!!Question Operation Menu!!!!!!!!!!!!!!!
2023-01-19 16:59:59 INFO  QuestionOperationsMenu:25 - 1.Add Questions
2.Display Questions
Enter you choice here:
2023-01-19 17:11:08 INFO  QuestionOperationsMenu:25 - 

!!!!!!!!!!!!!!!Question Operation Menu!!!!!!!!!!!!!!!
2023-01-19 17:11:08 INFO  QuestionOperationsMenu:26 - 1.Add Questions
2.Display Questions
Enter you choice here:
2023-01-19 17:12:55 INFO  QuestionOperationsMenu:25 - 

!!!!!!!!!!!!!!!Question Operation Menu!!!!!!!!!!!!!!!
2023-01-19 17:12:55 INFO  QuestionOperationsMenu:26 - 1.Add Questions
2.Display Questions
Enter you choice here:
2023-01-19 17:13:12 INFO  QuestionOperationsMenu:40 - 
!!!!!!!!!!!!!Question Menu Page!!!!!!!!!!!

Press 1 to continue to go back to menu
Press 0 to exit this page
Enter your choice here:
2023-01-19 17:33:48 INFO  QuestionOperationsMenu:25 - 

!!!!!!!!!!!!!!!Question Operation Menu!!!!!!!!!!!!!!!
2023-01-19 17:33:48 INFO  QuestionOperationsMenu:26 -            1.Add Questions
2.Display Questions
Enter you choice here:
2023-01-19 17:34:36 INFO  QuestionOperationsMenu:25 -            

!!!!!!!!!!!!!!!Question Operation Menu!!!!!!!!!!!!!!!
2023-01-19 17:34:36 INFO  QuestionOperationsMenu:26 -            1.Add Questions
2.Display Questions
Enter you choice here:
2023-01-19 17:35:20 INFO  QuestionOperationsMenu:25 -  

!!!!!!!!!!!!!!!Question Operation Menu!!!!!!!!!!!!!!!
2023-01-19 17:35:20 INFO  QuestionOperationsMenu:26 -  1.Add Questions
2.Display Questions
Enter you choice here:
2023-01-19 17:37:11 INFO  QuestionOperationsMenu:25 -  

!!!!!!!!!!!!!!!Question Operation Menu!!!!!!!!!!!!!!!
2023-01-19 17:37:11 INFO  QuestionOperationsMenu:26 -  1.Add Questions
2.Display Questions
Enter you choice here:
2023-01-19 17:38:23 INFO  QuestionOperationsMenu:25 -  

!!!!!!!!!!!!!!!Welcome to Question Operation Menu!!!!!!!!!!!!!!!
2023-01-19 17:38:23 INFO  QuestionOperationsMenu:26 -  1.Add Questions
2.Display Questions
Enter you choice here:
2023-01-19 17:39:56 INFO  QuestionOperationsMenu:25 -  

!!!!!!!!!!!!!!!Welcome to Question Operation Menu!!!!!!!!!!!!!!!
2023-01-19 17:39:56 INFO  QuestionOperationsMenu:26 -  1.Add Questions
2.Display Questions
Enter you choice here:
2023-01-19 17:41:22 INFO  QuestionOperationsMenu:25 -  

!!!!!!!!!!!!!!!Welcome to Question Operation Menu!!!!!!!!!!!!!!!
2023-01-19 17:41:22 INFO  QuestionOperationsMenu:26 -  1.Add Questions
2.Display Questions
Enter you choice here:
2023-01-19 17:49:50 INFO  QuestionOperationsMenu:29 -  

!!!!!!!!!!!!!!!Welcome to Question Operation Menu!!!!!!!!!!!!!!!
2023-01-19 17:49:50 INFO  QuestionOperationsMenu:30 -  1.Add Questions
2.Display Questions
Enter you choice here:
2023-01-19 17:49:59 INFO  QuestionOperationsMenu:29 -  

!!!!!!!!!!!!!!!Welcome to Question Operation Menu!!!!!!!!!!!!!!!
2023-01-19 17:49:59 INFO  QuestionOperationsMenu:30 -  1.Add Questions
2.Display Questions
Enter you choice here:
2023-01-19 17:51:45 INFO  QuestionOperationsMenu:30 -  

!!!!!!!!!!!!!!!Welcome to Question Operation Menu!!!!!!!!!!!!!!!
2023-01-19 17:51:45 INFO  QuestionOperationsMenu:31 -  1.Add Questions
2.Display Questions
Enter you choice here:
2023-01-19 17:54:06 INFO  QuestionOperationsMenu:30 -  

!!!!!!!!!!!!!!!Welcome to Question Operation Menu!!!!!!!!!!!!!!!
2023-01-19 17:54:06 INFO  QuestionOperationsMenu:31 -  1.Add Questions
2.Display Questions
Enter you choice here:
2023-01-19 18:44:24 INFO  QuestionOperationsMenu:30 -  

!!!!!!!!!!!!!!!Welcome to Question Operation Menu!!!!!!!!!!!!!!!
2023-01-19 18:44:24 INFO  QuestionOperationsMenu:31 -  1.Add Questions
2.Display Questions
Enter you choice here:
2023-01-19 18:45:13 INFO  QuestionOperationsMenu:45 - 
!!!!!!!!!!!!!Question Menu Page!!!!!!!!!!!

Press 1 to continue to go back to menu
Press 0 to exit this page
Enter your choice here:
2023-01-19 18:45:18 INFO  QuestionOperationsMenu:30 -  

!!!!!!!!!!!!!!!Welcome to Question Operation Menu!!!!!!!!!!!!!!!
2023-01-19 18:45:18 INFO  QuestionOperationsMenu:31 -  1.Add Questions
2.Display Questions
Enter you choice here:
2023-01-19 18:45:20 INFO  QuestionOperationsMenu:45 - 
!!!!!!!!!!!!!Question Menu Page!!!!!!!!!!!

Press 1 to continue to go back to menu
Press 0 to exit this page
Enter your choice here:
2023-01-19 20:52:38 INFO  QuestionOperationsMenu:30 -  

!!!!!!!!!!!!!!!Welcome to Question Operation Menu!!!!!!!!!!!!!!!
2023-01-19 20:52:38 INFO  QuestionOperationsMenu:31 -  1.Add Questions
2.Display Questions
Enter you choice here:
2023-01-19 20:53:36 INFO  QuestionOperationsMenu:45 - 
!!!!!!!!!!!!!Question Menu Page!!!!!!!!!!!

Press 1 to continue to go back to menu
Press 0 to exit this page
Enter your choice here:
2023-01-19 20:53:48 INFO  QuestionOperationsMenu:30 -  

!!!!!!!!!!!!!!!Welcome to Question Operation Menu!!!!!!!!!!!!!!!
2023-01-19 20:53:48 INFO  QuestionOperationsMenu:31 -  1.Add Questions
2.Display Questions
Enter you choice here:
2023-01-19 20:54:01 INFO  QuestionOperationsMenu:45 - 
!!!!!!!!!!!!!Question Menu Page!!!!!!!!!!!

Press 1 to continue to go back to menu
Press 0 to exit this page
Enter your choice here:
2023-01-19 21:26:39 INFO  QuestionOperationsMenu:30 -  

!!!!!!!!!!!!!!!Welcome to Question Operation Menu!!!!!!!!!!!!!!!
2023-01-19 21:26:39 INFO  QuestionOperationsMenu:31 -  1.Add Questions
2.Display Questions
Enter you choice here:
2023-01-19 21:38:26 INFO  QuestionOperationsMenu:45 - 
!!!!!!!!!!!!!Question Menu Page!!!!!!!!!!!

Press 1 to continue to go back to menu
Press 0 to exit this page
Enter your choice here:
2023-01-19 22:58:01 INFO  QuestionOperationsMenu:30 -  

!!!!!!!!!!!!!!!Welcome to Question Operation Menu!!!!!!!!!!!!!!!
2023-01-19 22:58:01 INFO  QuestionOperationsMenu:31 -  1.Add Questions
2.Display Questions
Enter you choice here:
2023-01-19 23:03:10 INFO  QuestionOperationsMenu:30 -  

!!!!!!!!!!!!!!!Welcome to Question Operation Menu!!!!!!!!!!!!!!!
2023-01-19 23:03:10 INFO  QuestionOperationsMenu:31 -  1.Add Questions
2.Display Questions
Enter you choice here:
2023-01-19 23:06:41 INFO  QuestionOperationsMenu:30 -  

!!!!!!!!!!!!!!!Welcome to Question Operation Menu!!!!!!!!!!!!!!!
2023-01-19 23:06:41 INFO  QuestionOperationsMenu:31 -  1.Add Questions
2.Display Questions
Enter you choice here:
2023-01-19 23:58:37 INFO  QuestionOperationsMenu:30 -  

!!!!!!!!!!!!!!!Welcome to Question Operation Menu!!!!!!!!!!!!!!!
2023-01-19 23:58:37 INFO  QuestionOperationsMenu:31 -  1.Add Questions
2.Display Questions
Enter you choice here:
2023-01-19 23:58:48 INFO  QuestionOperationsMenu:45 - 
!!!!!!!!!!!!!Question Menu Page!!!!!!!!!!!

Press 1 to continue to go back to menu
Press 0 to exit this page
Enter your choice here:
2023-01-20 10:03:58 INFO  QuestionOperationsMenu:30 -  

!!!!!!!!!!!!!!!Welcome to Question Operation Menu!!!!!!!!!!!!!!!
2023-01-20 10:03:58 INFO  QuestionOperationsMenu:31 -  1.Add Questions
2.Display Questions
Enter you choice here:
2023-01-20 10:05:05 INFO  QuestionOperationsMenu:45 - 
!!!!!!!!!!!!!Question Menu Page!!!!!!!!!!!

Press 1 to continue to go back to menu
Press 0 to exit this page
Enter your choice here:
2023-01-20 10:09:10 INFO  QuestionOperationsMenu:30 -  

!!!!!!!!!!!!!!!Welcome to Question Operation Menu!!!!!!!!!!!!!!!
2023-01-20 10:09:10 INFO  QuestionOperationsMenu:31 -  1.Add Questions
2.Display Questions
Enter you choice here:
2023-01-20 10:09:13 INFO  QuestionOperationsMenu:45 - 
!!!!!!!!!!!!!Question Menu Page!!!!!!!!!!!

Press 1 to continue to go back to menu
Press 0 to exit this page
Enter your choice here:
2023-01-20 10:09:39 INFO  QuestionOperationsMenu:30 -  

!!!!!!!!!!!!!!!Welcome to Question Operation Menu!!!!!!!!!!!!!!!
2023-01-20 10:09:39 INFO  QuestionOperationsMenu:31 -  1.Add Questions
2.Display Questions
Enter you choice here:
2023-01-20 10:10:50 INFO  QuestionOperationsMenu:45 - 
!!!!!!!!!!!!!Question Menu Page!!!!!!!!!!!

Press 1 to continue to go back to menu
Press 0 to exit this page
Enter your choice here:
2023-01-20 10:14:02 INFO  QuestionOperationsMenu:30 -  

!!!!!!!!!!!!!!!Welcome to Question Operation Menu!!!!!!!!!!!!!!!
2023-01-20 10:14:02 INFO  QuestionOperationsMenu:31 -  1.Add Questions
2.Display Questions
Enter you choice here:
2023-01-20 10:14:40 INFO  QuestionOperationsMenu:45 - 
!!!!!!!!!!!!!Question Menu Page!!!!!!!!!!!

Press 1 to continue to go back to menu
Press 0 to exit this page
Enter your choice here:
2023-01-20 10:18:02 INFO  QuestionOperationsMenu:31 -  

!!!!!!!!!!!!!!!Welcome to Question Operation Menu!!!!!!!!!!!!!!!
2023-01-20 10:18:02 INFO  QuestionOperationsMenu:32 -  1.Add Questions
2.Display Questions
Enter you choice here:
2023-01-20 10:18:35 INFO  QuestionOperationsMenu:46 - 
!!!!!!!!!!!!!Question Menu Page!!!!!!!!!!!

Press 1 to continue to go back to menu
Press 0 to exit this page
Enter your choice here:
2023-01-20 10:20:08 INFO  QuestionOperationsMenu:31 -  

!!!!!!!!!!!!!!!Welcome to Question Operation Menu!!!!!!!!!!!!!!!
2023-01-20 10:20:08 INFO  QuestionOperationsMenu:32 -  1.Add Questions
2.Display Questions
Enter you choice here:
2023-01-20 10:20:46 INFO  QuestionOperationsMenu:46 - 
!!!!!!!!!!!!!Question Menu Page!!!!!!!!!!!

Press 1 to continue to go back to menu
Press 0 to exit this page
Enter your choice here:
2023-01-20 10:26:01 INFO  QuestionOperationsMenu:31 -  

!!!!!!!!!!!!!!!Welcome to Question Operation Menu!!!!!!!!!!!!!!!
2023-01-20 10:26:01 INFO  QuestionOperationsMenu:32 -  1.Add Questions
2.Display Questions
Enter you choice here:
2023-01-20 10:26:04 INFO  QuestionOperationsMenu:46 - 
!!!!!!!!!!!!!Question Menu Page!!!!!!!!!!!

Press 1 to continue to go back to menu
Press 0 to exit this page
Enter your choice here:
2023-01-20 10:32:23 INFO  QuestionOperationsMenu:32 -  

!!!!!!!!!!!!!!!Welcome to Question Operation Menu!!!!!!!!!!!!!!!
2023-01-20 10:32:23 INFO  QuestionOperationsMenu:33 -  1.Add Questions
2.Display Questions
Enter you choice here:
2023-01-20 10:33:02 INFO  QuestionOperationsMenu:47 - 
!!!!!!!!!!!!!Question Menu Page!!!!!!!!!!!

Press 1 to continue to go back to menu
Press 0 to exit this page
Enter your choice here:
2023-01-20 10:34:27 INFO  QuestionOperationsMenu:32 -  

!!!!!!!!!!!!!!!Welcome to Question Operation Menu!!!!!!!!!!!!!!!
2023-01-20 10:34:27 INFO  QuestionOperationsMenu:33 -  1.Add Questions
2.Display Questions
Enter you choice here:
2023-01-20 10:34:53 INFO  QuestionOperationsMenu:47 - 
!!!!!!!!!!!!!Question Menu Page!!!!!!!!!!!

Press 1 to continue to go back to menu
Press 0 to exit this page
Enter your choice here:
2023-01-20 10:36:40 INFO  QuestionOperationsMenu:30 -  

!!!!!!!!!!!!!!!Welcome to Question Operation Menu!!!!!!!!!!!!!!!
2023-01-20 10:36:40 INFO  QuestionOperationsMenu:31 -  1.Add Questions
2.Display Questions
Enter you choice here:
2023-01-20 10:36:49 INFO  QuestionOperationsMenu:45 - 
!!!!!!!!!!!!!Question Menu Page!!!!!!!!!!!

Press 1 to continue to go back to menu
Press 0 to exit this page
Enter your choice here:
2023-01-20 10:37:06 INFO  QuestionOperationsMenu:30 -  

!!!!!!!!!!!!!!!Welcome to Question Operation Menu!!!!!!!!!!!!!!!
2023-01-20 10:37:06 INFO  QuestionOperationsMenu:31 -  1.Add Questions
2.Display Questions
Enter you choice here:
2023-01-20 10:37:23 INFO  QuestionOperationsMenu:45 - 
!!!!!!!!!!!!!Question Menu Page!!!!!!!!!!!

Press 1 to continue to go back to menu
Press 0 to exit this page
Enter your choice here:
2023-01-20 11:11:23 INFO  UserAuthentication:24 - 
!!!!!!!!!!!!!!!Question Operation Menu!!!!!!!!!!!!!!!
2023-01-20 11:11:23 INFO  UserAuthentication:25 - 
1.Add Questions
2.Display Questions
Enter you choice here:
2023-01-20 11:11:27 INFO  UserAuthentication:28 - 
Enter questionId:
2023-01-20 11:11:49 INFO  UserAuthentication:30 - 
Enter questionSection:
2023-01-20 11:12:00 INFO  UserAuthentication:32 - 
Enter questionText:
2023-01-20 11:12:26 INFO  UserAuthentication:39 - 
!!!!!!!!!!!!!Question Menu Page!!!!!!!!!!!

Press 1 to continue to go back to menu
Press 0 to exit this page
Enter your choice here:
2023-01-20 11:12:32 INFO  UserAuthentication:24 - 
!!!!!!!!!!!!!!!Question Operation Menu!!!!!!!!!!!!!!!
2023-01-20 11:12:32 INFO  UserAuthentication:25 - 
1.Add Questions
2.Display Questions
Enter you choice here:
2023-01-20 11:12:35 INFO  UserAuthentication:39 - 
!!!!!!!!!!!!!Question Menu Page!!!!!!!!!!!

Press 1 to continue to go back to menu
Press 0 to exit this page
Enter your choice here:
2023-01-20 11:12:53 INFO  UserAuthentication:24 - 
!!!!!!!!!!!!!!!Question Operation Menu!!!!!!!!!!!!!!!
2023-01-20 11:12:53 INFO  UserAuthentication:25 - 
1.Add Questions
2.Display Questions
Enter you choice here:
2023-01-20 11:12:56 INFO  UserAuthentication:39 - 
!!!!!!!!!!!!!Question Menu Page!!!!!!!!!!!

Press 1 to continue to go back to menu
Press 0 to exit this page
Enter your choice here:
2023-01-20 11:13:27 INFO  UserAuthentication:23 - 
!!!!!!!!!!!!User Authentication!!!!!!!!!!!!!
2023-01-20 11:13:27 INFO  UserAuthentication:24 - 
Enter choice
1.Sign In 
2.Display
Enter your choice:
2023-01-20 11:13:35 INFO  UserAuthentication:34 - 

User Authentication Page
Press 1 to continue
Press 0 to terminate the program
Enter your choice:
2023-01-20 12:15:28 INFO  UserAuthentication:23 - 
!!!!!!!!!!!!User Authentication!!!!!!!!!!!!!
2023-01-20 12:15:28 INFO  UserAuthentication:24 - 
Enter choice
1.Sign In 
2.Display
Enter your choice:
2023-01-20 14:13:59 INFO  QuestionOperationsMenu:29 -  " \n\n!!!!!!!!!!!!!!!Welcome to Question Operation Menu!!!!!!!!!!!!!!!"
2023-01-20 14:13:59 INFO  QuestionOperationsMenu:30 -  1.Add Questions
2.Display Questions
Enter you choice here:
2023-01-20 14:14:10 INFO  QuestionOperationsMenu:44 - 
!!!!!!!!!!!!!Question Menu Page!!!!!!!!!!!

Press 1 to continue to go back to menu
Press 0 to exit this page
Enter your choice here:
2023-01-20 14:17:41 INFO  QuestionOperationsMenu:29 -  " \n\n!!!!!!!!!!!!!!!Welcome to Question Operation Menu!!!!!!!!!!!!!!!"
2023-01-20 14:17:41 INFO  QuestionOperationsMenu:30 -  1.Add Questions
2.Display Questions
Enter you choice here:
2023-01-20 14:18:31 INFO  QuestionOperationsMenu:44 - 
!!!!!!!!!!!!!Question Menu Page!!!!!!!!!!!

Press 1 to continue to go back to menu
Press 0 to exit this page
Enter your choice here:
2023-01-20 14:24:41 INFO  QuestionOperationsMenu:29 -  " \n\n!!!!!!!!!!!!!!!Welcome to Question Operation Menu!!!!!!!!!!!!!!!"
2023-01-20 14:24:41 INFO  QuestionOperationsMenu:30 -  1.Add Questions
2.Display Questions
Enter you choice here:
2023-01-20 14:24:45 INFO  QuestionOperationsMenu:44 - 
!!!!!!!!!!!!!Question Menu Page!!!!!!!!!!!

Press 1 to continue to go back to menu
Press 0 to exit this page
Enter your choice here:
2023-01-20 14:25:55 INFO  QuestionOperationsMenu:29 -  " \n\n!!!!!!!!!!!!!!!Welcome to Question Operation Menu!!!!!!!!!!!!!!!"
2023-01-20 14:25:55 INFO  QuestionOperationsMenu:30 -  1.Add Questions
2.Display Questions
Enter you choice here:
2023-01-20 14:25:58 INFO  QuestionOperationsMenu:44 - 
!!!!!!!!!!!!!Question Menu Page!!!!!!!!!!!

Press 1 to continue to go back to menu
Press 0 to exit this page
Enter your choice here:
2023-01-20 14:42:17 INFO  QuestionOperationsMenu:29 -  " \n\n!!!!!!!!!!!!!!!Welcome to Question Operation Menu!!!!!!!!!!!!!!!"
2023-01-20 14:42:17 INFO  QuestionOperationsMenu:30 -  1.Add Questions
2.Display Questions
Enter you choice here:
2023-01-20 14:42:21 INFO  QuestionOperationsMenu:44 - 
!!!!!!!!!!!!!Question Menu Page!!!!!!!!!!!

Press 1 to continue to go back to menu
Press 0 to exit this page
Enter your choice here:
2023-01-20 16:52:51 INFO  QuestionOperationsMenu:29 -  " \n\n!!!!!!!!!!!!!!!Welcome to Question Operation Menu!!!!!!!!!!!!!!!"
2023-01-20 16:52:51 INFO  QuestionOperationsMenu:30 -  1.Add Questions
2.Display Questions
Enter you choice here:
